<?xml version="1.0" encoding="UTF-8"?>
<!-- Generated by org.testng.reporters.JUnitReportReporter -->
<testsuite skipped="0" hostname="DEL1-LHP-N00608" name="dataTable.dataTableRunner" tests="1" failures="0" timestamp="24 Aug 2017 05:23:42 GMT" time="0.032" errors="0">
  <testcase name="feature" time="0.032" classname="dataTable.dataTableRunner"/>
</testsuite> <!-- dataTable.dataTableRunner -->
