<?xml version="1.0" encoding="UTF-8"?>
<!-- Generated by org.testng.reporters.JUnitReportReporter -->
<testsuite skipped="0" hostname="DEL1-LHP-N00608" name="dataTable.dataTableRunnerTNG" tests="1" failures="0" timestamp="24 Aug 2017 10:05:36 GMT" time="53.219" errors="0">
  <testcase name="feature" time="53.219" classname="dataTable.dataTableRunnerTNG"/>
</testsuite> <!-- dataTable.dataTableRunnerTNG -->
