<?xml version="1.0" encoding="UTF-8"?>
<!-- Generated by org.testng.reporters.JUnitReportReporter -->
<testsuite hostname="DEL1-DHP-31551" name="Selenium_Prograames.sbi" tests="1" failures="0" timestamp="11 Jul 2016 09:18:38 GMT" time="4.642" errors="0">
  <testcase name="testSbi" time="4.642" classname="Selenium_Prograames.sbi"/>
</testsuite> <!-- Selenium_Prograames.sbi -->
