<?xml version="1.0" encoding="UTF-8"?>
<!-- Generated by org.testng.reporters.JUnitReportReporter -->
<testsuite hostname="DEL1-DHP-31551" name="TestSuite.Sierra_Admin" tests="1" failures="0" timestamp="26 Jul 2016 09:55:43 GMT" time="14.172" errors="0">
  <testcase name="testSierraScripts" time="14.172" classname="TestSuite.Sierra_Admin"/>
</testsuite> <!-- TestSuite.Sierra_Admin -->
