<?xml version="1.0" encoding="UTF-8"?>
<!-- Generated by org.testng.reporters.JUnitReportReporter -->
<testsuite hostname="DEL1-DHP-31551" name="TestSuite.TS_Homepage" tests="1" failures="0" timestamp="27 Jul 2016 10:29:20 GMT" time="307.726" errors="0">
  <testcase name="TC1" time="307.726" classname="TestSuite.TS_Homepage"/>
</testsuite> <!-- TestSuite.TS_Homepage -->
