<?xml version="1.0" encoding="UTF-8"?>
<!-- Generated by org.testng.reporters.JUnitReportReporter -->
<testsuite hostname="DEL1-DHP-31551" name="Sierra_TestSuite.TS_Sierra_UserAccounts" tests="1" failures="0" timestamp="3 Aug 2016 05:51:59 GMT" time="83.184" errors="0">
  <testcase name="TC1" time="83.184" classname="Sierra_TestSuite.TS_Sierra_UserAccounts"/>
</testsuite> <!-- Sierra_TestSuite.TS_Sierra_UserAccounts -->
