<?xml version="1.0" encoding="UTF-8"?>
<!-- Generated by org.testng.reporters.JUnitReportReporter -->
<testsuite hostname="DEL1-DHP-31551" name="TestSuite.TS_Sierra" tests="1" failures="0" timestamp="2 Aug 2016 06:20:57 GMT" time="54.316" errors="0">
  <testcase name="TC1" time="54.316" classname="TestSuite.TS_Sierra"/>
</testsuite> <!-- TestSuite.TS_Sierra -->
