<?xml version="1.0" encoding="UTF-8"?>
<!-- Generated by org.testng.reporters.JUnitReportReporter -->
<testsuite hostname="DEL1-DHP-31551" name="Testcases.Testcase1" tests="1" failures="0" timestamp="15 Oct 2015 11:18:00 GMT" time="34.950" errors="0">
  <testcase name="TC1_Login" time="34.950" classname="Testcases.Testcase1"/>
</testsuite> <!-- Testcases.Testcase1 -->
