<?xml version="1.0" encoding="UTF-8"?>
<!-- Generated by org.testng.reporters.JUnitReportReporter -->
<testsuite hostname="DEL1-DHP-31551" name="TestReporting.TestExecutionResults" tests="1" failures="0" timestamp="16 Oct 2015 11:24:51 GMT" time="0.022" errors="0">
  <testcase name="TesSuite_1" time="0.022" classname="TestReporting.TestExecutionResults"/>
</testsuite> <!-- TestReporting.TestExecutionResults -->
