<?xml version="1.0" encoding="UTF-8"?>
<!-- Generated by org.testng.reporters.JUnitReportReporter -->
<testsuite hostname="DEL1-DHP-31551" name="POM.Runner" tests="1" failures="0" timestamp="15 Oct 2015 10:46:36 GMT" time="139.758" errors="0">
  <testcase name="TC1_Login" time="139.758" classname="POM.Runner"/>
</testsuite> <!-- POM.Runner -->
