<?xml version="1.0" encoding="UTF-8"?>
<!-- Generated by org.testng.reporters.JUnitReportReporter -->
<testsuite hostname="DEL1-DHP-31551" name="POM.Testcase" tests="1" failures="0" timestamp="15 Oct 2015 11:08:15 GMT" time="68.870" errors="0">
  <testcase name="TC1_Login" time="68.870" classname="POM.Testcase"/>
</testsuite> <!-- POM.Testcase -->
