<?xml version="1.0" encoding="UTF-8"?>
<!-- Generated by org.testng.reporters.JUnitReportReporter -->
<testsuite hostname="DEL1-DHP-31551" name="Testcases.Testcase2" tests="1" failures="0" timestamp="15 Oct 2015 11:18:00 GMT" time="35.216" errors="0">
  <testcase name="TC2_Login" time="35.216" classname="Testcases.Testcase2"/>
</testsuite> <!-- Testcases.Testcase2 -->
