<?xml version="1.0" encoding="UTF-8"?>
<!-- Generated by org.testng.reporters.JUnitReportReporter -->
<testsuite hostname="DEL1-DHP-31551" name="TestSuites.TestSuite_2" tests="3" failures="0" timestamp="19 Jan 2016 07:52:51 GMT" time="190.528" errors="0">
  <testcase name="TC2_Login" time="94.419" classname="TestSuites.TestSuite_2"/>
  <testcase name="TS2_Result" time="32.127" classname="TestSuites.TestSuite_2"/>
  <testcase name="TC2_SearchTerm" time="63.982" classname="TestSuites.TestSuite_2"/>
</testsuite> <!-- TestSuites.TestSuite_2 -->
