<?xml version="1.0" encoding="UTF-8"?>
<!-- Generated by org.testng.reporters.JUnitReportReporter -->
<testsuite hostname="DEL1-DHP-31551" name="POM.Testcase2" tests="1" failures="0" timestamp="15 Oct 2015 11:08:15 GMT" time="64.106" errors="0">
  <testcase name="TC2_Login" time="64.106" classname="POM.Testcase2"/>
</testsuite> <!-- POM.Testcase2 -->
