<?xml version="1.0" encoding="UTF-8"?>
<!-- Generated by org.testng.reporters.JUnitReportReporter -->
<testsuite hostname="DEL1-LHP-N00608" name="dataTable.MdataTableRunnerTNG" tests="1" failures="0" timestamp="31 Aug 2017 10:50:20 GMT" time="11.290" errors="0">
  <testcase name="feature" time="11.290" classname="dataTable.MdataTableRunnerTNG"/>
</testsuite> <!-- dataTable.MdataTableRunnerTNG -->
